{
  "0 debug pnpm:scope": {
    "selected": 1
  },
  "1 debug pnpm:package-manifest": {
    "initial": {
      "name": "baoyingxuan-web",
      "private": true,
      "scripts": {
        "serve": "vue-cli-service serve",
        "build": "vue-cli-service build",
        "lint": "vue-cli-service lint"
      },
      "dependencies": {
        "@oit/element-ui-expand": "^0.1.0",
        "@oit/utils": "^1.0.1",
        "@oit/vue-components": "^0.1.0",
        "async-validator": "^4.0.7",
        "axios": "^0.26.0",
        "core-js": "^3.6.5",
        "crypto-js": "^4.1.1",
        "el-cascader-multi": "^1.1.8",
        "element-ui": "^2.15.6",
        "md5": "^2.3.0",
        "modern-normalize": "^1.1.0",
        "moment": "^2.29.3",
        "sass": "^1.50.1",
        "vue": "^2.6.14",
        "vue-router": "^3.2.0",
        "vuex": "^3.4.0",
        "windicss-preset": "^0.0.1"
      },
      "devDependencies": {
        "@babel/plugin-proposal-nullish-coalescing-operator": "^7.17.12",
        "@babel/plugin-proposal-optional-chaining": "^7.17.12",
        "@vue/babel-helper-vue-jsx-merge-props": "^1.2.1",
        "@vue/babel-preset-jsx": "^1.2.4",
        "@vue/cli-plugin-babel": "~4.5.0",
        "@vue/cli-plugin-router": "~4.5.0",
        "@vue/cli-plugin-vuex": "~4.5.0",
        "@vue/cli-service": "~4.5.0",
        "sass-loader": "^8.0.2",
        "vue-cli-plugin-windicss": "^1.1.4",
        "vue-template-compiler": "^2.6.14",
        "windicss": "^3.5.5"
      }
    },
    "prefix": "D:\\Project\\oit-project\\lide-web"
  },
  "2 debug pnpm:context": {
    "currentLockfileExists": false,
    "storeDir": "D:\\.pnpm-store\\v3",
    "virtualStoreDir": "D:\\Project\\oit-project\\lide-web\\node_modules\\.pnpm"
  },
  "3 debug pnpm:stage": {
    "prefix": "D:\\Project\\oit-project\\lide-web",
    "stage": "resolution_started"
  },
  "4 debug pnpm:_dependency_resolved": {
    "resolution": "192.168.9.16+4873/@babel/plugin-proposal-nullish-coalescing-operator/7.17.12",
    "wanted": {
      "dependentId": ".",
      "name": "@babel/plugin-proposal-nullish-coalescing-operator",
      "rawSpec": "^7.17.12"
    }
  },
  "5 debug pnpm:_dependency_resolved": {
    "resolution": "192.168.9.16+4873/@babel/plugin-proposal-optional-chaining/7.17.12",
    "wanted": {
      "dependentId": ".",
      "name": "@babel/plugin-proposal-optional-chaining",
      "rawSpec": "^7.17.12"
    }
  },
  "6 debug pnpm:_dependency_resolved": {
    "resolution": "192.168.9.16+4873/@vue/babel-helper-vue-jsx-merge-props/1.2.1",
    "wanted": {
      "dependentId": ".",
      "name": "@vue/babel-helper-vue-jsx-merge-props",
      "rawSpec": "^1.2.1"
    }
  },
  "7 debug pnpm:_dependency_resolved": {
    "resolution": "192.168.9.16+4873/@vue/babel-preset-jsx/1.2.4",
    "wanted": {
      "dependentId": ".",
      "name": "@vue/babel-preset-jsx",
      "rawSpec": "^1.2.4"
    }
  },
  "8 debug pnpm:_dependency_resolved": {
    "resolution": "192.168.9.16+4873/@vue/cli-plugin-babel/4.5.18",
    "wanted": {
      "dependentId": ".",
      "name": "@vue/cli-plugin-babel",
      "rawSpec": "~4.5.0"
    }
  },
  "9 debug pnpm:_dependency_resolved": {
    "resolution": "192.168.9.16+4873/@vue/cli-plugin-router/4.5.18",
    "wanted": {
      "dependentId": ".",
      "name": "@vue/cli-plugin-router",
      "rawSpec": "~4.5.0"
    }
  },
  "10 debug pnpm:_dependency_resolved": {
    "resolution": "192.168.9.16+4873/@vue/cli-plugin-vuex/4.5.18",
    "wanted": {
      "dependentId": ".",
      "name": "@vue/cli-plugin-vuex",
      "rawSpec": "~4.5.0"
    }
  },
  "11 debug pnpm:_dependency_resolved": {
    "resolution": "192.168.9.16+4873/@vue/cli-service/4.5.18",
    "wanted": {
      "dependentId": ".",
      "name": "@vue/cli-service",
      "rawSpec": "~4.5.0"
    }
  },
  "12 debug pnpm:_dependency_resolved": {
    "resolution": "192.168.9.16+4873/sass-loader/8.0.2",
    "wanted": {
      "dependentId": ".",
      "name": "sass-loader",
      "rawSpec": "^8.0.2"
    }
  },
  "13 debug pnpm:_dependency_resolved": {
    "resolution": "192.168.9.16+4873/vue-cli-plugin-windicss/1.1.4",
    "wanted": {
      "dependentId": ".",
      "name": "vue-cli-plugin-windicss",
      "rawSpec": "^1.1.4"
    }
  },
  "14 debug pnpm:_dependency_resolved": {
    "resolution": "192.168.9.16+4873/vue-template-compiler/2.6.14",
    "wanted": {
      "dependentId": ".",
      "name": "vue-template-compiler",
      "rawSpec": "^2.6.14"
    }
  },
  "15 debug pnpm:_dependency_resolved": {
    "resolution": "192.168.9.16+4873/windicss/3.5.5",
    "wanted": {
      "dependentId": ".",
      "name": "windicss",
      "rawSpec": "^3.5.5"
    }
  },
  "16 debug pnpm:_dependency_resolved": {
    "resolution": "192.168.9.16+4873/@oit/element-ui-expand/0.1.0",
    "wanted": {
      "dependentId": ".",
      "name": "@oit/element-ui-expand",
      "rawSpec": "^0.1.0"
    }
  },
  "17 debug pnpm:_dependency_resolved": {
    "resolution": "192.168.9.16+4873/async-validator/4.2.5",
    "wanted": {
      "dependentId": ".",
      "name": "async-validator",
      "rawSpec": "^4.0.7"
    }
  },
  "18 debug pnpm:_dependency_resolved": {
    "resolution": "192.168.9.16+4873/axios/0.26.1",
    "wanted": {
      "dependentId": ".",
      "name": "axios",
      "rawSpec": "^0.26.0"
    }
  },
  "19 debug pnpm:_dependency_resolved": {
    "resolution": "192.168.9.16+4873/core-js/3.23.3",
    "wanted": {
      "dependentId": ".",
      "name": "core-js",
      "rawSpec": "^3.6.5"
    }
  },
  "20 debug pnpm:_dependency_resolved": {
    "resolution": "192.168.9.16+4873/crypto-js/4.1.1",
    "wanted": {
      "dependentId": ".",
      "name": "crypto-js",
      "rawSpec": "^4.1.1"
    }
  },
  "21 debug pnpm:_dependency_resolved": {
    "resolution": "192.168.9.16+4873/el-cascader-multi/1.1.8",
    "wanted": {
      "dependentId": ".",
      "name": "el-cascader-multi",
      "rawSpec": "^1.1.8"
    }
  },
  "22 debug pnpm:_dependency_resolved": {
    "resolution": "192.168.9.16+4873/element-ui/2.15.9",
    "wanted": {
      "dependentId": ".",
      "name": "element-ui",
      "rawSpec": "^2.15.6"
    }
  },
  "23 debug pnpm:_dependency_resolved": {
    "resolution": "192.168.9.16+4873/md5/2.3.0",
    "wanted": {
      "dependentId": ".",
      "name": "md5",
      "rawSpec": "^2.3.0"
    }
  },
  "24 debug pnpm:_dependency_resolved": {
    "resolution": "192.168.9.16+4873/modern-normalize/1.1.0",
    "wanted": {
      "dependentId": ".",
      "name": "modern-normalize",
      "rawSpec": "^1.1.0"
    }
  },
  "25 debug pnpm:_dependency_resolved": {
    "resolution": "192.168.9.16+4873/moment/2.29.3",
    "wanted": {
      "dependentId": ".",
      "name": "moment",
      "rawSpec": "^2.29.3"
    }
  },
  "26 debug pnpm:_dependency_resolved": {
    "resolution": "192.168.9.16+4873/sass/1.53.0",
    "wanted": {
      "dependentId": ".",
      "name": "sass",
      "rawSpec": "^1.50.1"
    }
  },
  "27 debug pnpm:_dependency_resolved": {
    "resolution": "192.168.9.16+4873/vue/2.6.14",
    "wanted": {
      "dependentId": ".",
      "name": "vue",
      "rawSpec": "^2.6.14"
    }
  },
  "28 debug pnpm:_dependency_resolved": {
    "resolution": "192.168.9.16+4873/vue-router/3.5.4",
    "wanted": {
      "dependentId": ".",
      "name": "vue-router",
      "rawSpec": "^3.2.0"
    }
  },
  "29 debug pnpm:_dependency_resolved": {
    "resolution": "192.168.9.16+4873/vuex/3.6.2",
    "wanted": {
      "dependentId": ".",
      "name": "vuex",
      "rawSpec": "^3.4.0"
    }
  },
  "30 debug pnpm:_dependency_resolved": {
    "resolution": "192.168.9.16+4873/windicss-preset/0.0.1",
    "wanted": {
      "dependentId": ".",
      "name": "windicss-preset",
      "rawSpec": "^0.0.1"
    }
  },
  "31 debug pnpm:progress": {
    "packageId": "192.168.9.16+4873/@vue/babel-helper-vue-jsx-merge-props/1.2.1",
    "requester": "D:\\Project\\oit-project\\lide-web",
    "status": "found_in_store"
  },
  "32 debug pnpm:progress": {
    "packageId": "192.168.9.16+4873/@vue/babel-helper-vue-jsx-merge-props/1.2.1",
    "requester": "D:\\Project\\oit-project\\lide-web",
    "status": "resolved"
  },
  "33 debug pnpm:progress": {
    "packageId": "192.168.9.16+4873/@vue/babel-preset-jsx/1.2.4",
    "requester": "D:\\Project\\oit-project\\lide-web",
    "status": "found_in_store"
  },
  "34 debug pnpm:progress": {
    "packageId": "192.168.9.16+4873/@vue/babel-preset-jsx/1.2.4",
    "requester": "D:\\Project\\oit-project\\lide-web",
    "status": "resolved"
  },
  "35 debug pnpm:progress": {
    "packageId": "192.168.9.16+4873/@vue/cli-plugin-babel/4.5.18",
    "requester": "D:\\Project\\oit-project\\lide-web",
    "status": "found_in_store"
  },
  "36 debug pnpm:progress": {
    "packageId": "192.168.9.16+4873/@vue/cli-plugin-babel/4.5.18",
    "requester": "D:\\Project\\oit-project\\lide-web",
    "status": "resolved"
  },
  "37 debug pnpm:progress": {
    "packageId": "192.168.9.16+4873/@vue/cli-plugin-vuex/4.5.18",
    "requester": "D:\\Project\\oit-project\\lide-web",
    "status": "found_in_store"
  },
  "38 debug pnpm:progress": {
    "packageId": "192.168.9.16+4873/@vue/cli-plugin-vuex/4.5.18",
    "requester": "D:\\Project\\oit-project\\lide-web",
    "status": "resolved"
  },
  "39 debug pnpm:progress": {
    "packageId": "192.168.9.16+4873/@vue/cli-plugin-router/4.5.18",
    "requester": "D:\\Project\\oit-project\\lide-web",
    "status": "found_in_store"
  },
  "40 debug pnpm:progress": {
    "packageId": "192.168.9.16+4873/@vue/cli-plugin-router/4.5.18",
    "requester": "D:\\Project\\oit-project\\lide-web",
    "status": "resolved"
  },
  "41 error pnpm": {
    "code": "ERR_PNPM_FETCH_404",
    "hint": "@oit/vue-components is not in the npm registry, or you have no permission to fetch it.\n\nAn authorization header was used: Bearer JuKp[hidden]",
    "request": {
      "authHeaderValue": "Bearer JuKpNdPFEGQMrtBm45gLMw==",
      "url": "http://192.168.9.16:4873/@oit%2Fvue-components"
    },
    "response": {
      "size": 0
    },
    "pkgName": "@oit/vue-components",
    "spec": {
      "fetchSpec": ">=0.1.0 <0.2.0-0",
      "name": "@oit/vue-components",
      "type": "range"
    },
    "pkgsStack": [],
    "err": {
      "name": "pnpm",
      "message": "GET http://192.168.9.16:4873/@oit%2Fvue-components: Not Found - 404",
      "code": "ERR_PNPM_FETCH_404",
      "stack": "pnpm: GET http://192.168.9.16:4873/@oit%2Fvue-components: Not Found - 404\n    at RetryOperation._fn (C:\\Users\\OIT-DEV-199\\AppData\\Local\\pnpm\\global\\5\\.pnpm\\pnpm@7.3.0\\node_modules\\pnpm\\dist\\pnpm.cjs:85463:19)\n    at processTicksAndRejections (node:internal/process/task_queues:96:5)"
    }
  }
}